matrix file is input/fpkm.matrix.txt
sampleList file is input/samplelist.csv
number is 2
Coverting files into linux format
Checking sample names
Success
Checking sample classes
Success
Transposing the matrix
Sorting the matrix
Sorting sample information
Adding class information
Adding header
Cross-validation...
There were 50 or more warnings (use warnings() to see the first 50)
There were 50 or more warnings (use warnings() to see the first 50)
There were 50 or more warnings (use warnings() to see the first 50)
There were 50 or more warnings (use warnings() to see the first 50)
There were 50 or more warnings (use warnings() to see the first 50)
There were 50 or more warnings (use warnings() to see the first 50)
There were 50 or more warnings (use warnings() to see the first 50)
There were 50 or more warnings (use warnings() to see the first 50)
There were 50 or more warnings (use warnings() to see the first 50)
There were 50 or more warnings (use warnings() to see the first 50)
Done with CV
Counting important genes
Generating AUROC figure...
Saving 7 x 7 in image
Saving 7 x 7 in image
Building the final Logistic Regression model...
Warning message:
In lognet(x, is.sparse, ix, jx, y, weights, offset, alpha, nobs,  :
  one multinomial or binomial class has fewer than 8  observations; dangerous ground
Printing the formula
Printing the scores
The pipeline is done
